  Game.cpp
C:\Users\Agent\OneDrive\Documents\0\Game dev\SFML C++\Shape Wars\Shape Wars\Game.cpp(14,52): warning C4244: 'return': conversion from 'double' to 'float', possible loss of data
C:\Users\Agent\OneDrive\Documents\0\Game dev\SFML C++\Shape Wars\Shape Wars\Game.cpp(16,46): warning C4244: 'return': conversion from 'double' to 'int', possible loss of data
C:\Users\Agent\OneDrive\Documents\0\Game dev\SFML C++\Shape Wars\Shape Wars\Game.cpp(400,10): warning C4244: 'initializing': conversion from 'int' to 'float', possible loss of data
C:\Users\Agent\OneDrive\Documents\0\Game dev\SFML C++\Shape Wars\Shape Wars\Game.cpp(401,10): warning C4244: 'initializing': conversion from 'int' to 'float', possible loss of data
C:\Users\Agent\OneDrive\Documents\0\Game dev\SFML C++\Shape Wars\Shape Wars\Game.cpp(445,18): warning C4244: 'initializing': conversion from 'double' to 'float', possible loss of data
C:\Users\Agent\OneDrive\Documents\0\Game dev\SFML C++\Shape Wars\Shape Wars\Game.cpp(498,10): warning C4244: 'initializing': conversion from 'int' to 'float', possible loss of data
C:\Users\Agent\OneDrive\Documents\0\Game dev\SFML C++\Shape Wars\Shape Wars\Game.cpp(512,18): warning C4244: 'initializing': conversion from 'double' to 'float', possible loss of data
C:\Program Files\Microsoft Visual Studio\2022\Community\VC\Tools\MSVC\14.39.33519\include\xutility(255,82): warning C4244: 'argument': conversion from 'int' to 'float', possible loss of data
  (compiling source file 'Game.cpp')
  C:\Program Files\Microsoft Visual Studio\2022\Community\VC\Tools\MSVC\14.39.33519\include\xutility(255,82):
  the template instantiation context (the oldest one first) is
  	C:\Users\Agent\OneDrive\Documents\0\Game dev\SFML C++\Shape Wars\Shape Wars\Game.cpp(100,24):
  	see reference to function template instantiation 'std::shared_ptr<CShape> std::make_shared<CShape,int&,int&,sf::Color,sf::Color,int&>(int &,int &,sf::Color &&,sf::Color &&,int &)' being compiled
  	C:\Program Files\Microsoft Visual Studio\2022\Community\VC\Tools\MSVC\14.39.33519\include\memory(2738,46):
  	see reference to function template instantiation 'std::_Ref_count_obj2<CShape>::_Ref_count_obj2<int&,int&,_Ty,_Ty,int&>(int &,int &,_Ty &&,_Ty &&,int &)' being compiled
          with
          [
              _Ty=sf::Color
          ]
  	C:\Program Files\Microsoft Visual Studio\2022\Community\VC\Tools\MSVC\14.39.33519\include\memory(2062,18):
  	see reference to function template instantiation 'void std::_Construct_in_place<_Ty,int&,int&,sf::Color,sf::Color,int&>(_Ty &,int &,int &,sf::Color &&,sf::Color &&,int &) noexcept(false)' being compiled
          with
          [
              _Ty=CShape
          ]
  
  Shape Wars.vcxproj -> C:\Users\Agent\OneDrive\Documents\0\Game dev\SFML C++\Shape Wars\x64\Debug\Shape Wars.exe
